1614810310010	geckodriver	INFO	Listening on 127.0.0.1:49339
1614810311018	mozrunner::runner	INFO	Running command: "/usr/bin/firefox" "--marionette" "--headless" "-foreground" "-no-remote" "-profile" "/tmp/rust_mozprofileNcygq3"
*** You are running in headless mode.
console.warn: SearchSettings: "get: No settings file exists, new profile?" (new Error("", "(unknown module)"))
1614810312299	Marionette	INFO	Listening on port 38393
1614810312337	Marionette	WARN	TLS certificate errors will be ignored for this session
1614810312346	Marionette	ERROR	[15] No reply from Marionette:Register
console.warn: SearchSettings: "get: No settings file exists, new profile?" (new Error("", "(unknown module)"))
1614810323261	geckodriver	INFO	Listening on 127.0.0.1:37749
1614810323272	mozrunner::runner	INFO	Running command: "/usr/bin/firefox" "--marionette" "--headless" "-foreground" "-no-remote" "-profile" "/tmp/rust_mozprofileI7D4VD"
*** You are running in headless mode.
console.warn: SearchSettings: "get: No settings file exists, new profile?" (new Error("", "(unknown module)"))
console.warn: SearchSettings: "get: No settings file exists, new profile?" (new Error("", "(unknown module)"))
1614810324490	Marionette	INFO	Listening on port 37079
1614810324590	Marionette	WARN	TLS certificate errors will be ignored for this session
1614810324598	Marionette	ERROR	[15] No reply from Marionette:Register
JavaScript warning: https://www.googletagmanager.com/gtm.js?id=GTM-58DFX4Z line 3 > eval, line 1: WebGL warning: <Create>: Can't use WebGL in headless mode (https://bugzil.la/1375585).
JavaScript warning: https://www.googletagmanager.com/gtm.js?id=GTM-58DFX4Z line 3 > eval, line 1: Failed to create WebGL context: WebGL creation failed: 
* Can't use WebGL in headless mode (https://bugzil.la/1375585).
JavaScript warning: https://www.googletagmanager.com/gtm.js?id=GTM-58DFX4Z line 3 > eval, line 1: WebGL warning: <Create>: Can't use WebGL in headless mode (https://bugzil.la/1375585).
JavaScript warning: https://www.googletagmanager.com/gtm.js?id=GTM-58DFX4Z line 3 > eval, line 1: Failed to create WebGL context: WebGL creation failed: 
* Can't use WebGL in headless mode (https://bugzil.la/1375585).

(firefox:23194): GLib-GObject-CRITICAL **: 14:25:31.878: g_object_get: assertion 'G_IS_OBJECT (object)' failed
1614810331899	Marionette	INFO	Stopped listening on port 37079
console.log: WebExtensions: reset-default-search: No addons in our list are installed.
console.log: WebExtensions: reset-default-search: No addons in our list are installed.
