1614810310010	geckodriver	INFO	Listening on 127.0.0.1:49339
1614810311018	mozrunner::runner	INFO	Running command: "/usr/bin/firefox" "--marionette" "--headless" "-foreground" "-no-remote" "-profile" "/tmp/rust_mozprofileNcygq3"
*** You are running in headless mode.
console.warn: SearchSettings: "get: No settings file exists, new profile?" (new Error("", "(unknown module)"))
1614810312299	Marionette	INFO	Listening on port 38393
1614810312337	Marionette	WARN	TLS certificate errors will be ignored for this session
1614810312346	Marionette	ERROR	[15] No reply from Marionette:Register
console.warn: SearchSettings: "get: No settings file exists, new profile?" (new Error("", "(unknown module)"))
1614810323261	geckodriver	INFO	Listening on 127.0.0.1:37749
1614810323272	mozrunner::runner	INFO	Running command: "/usr/bin/firefox" "--marionette" "--headless" "-foreground" "-no-remote" "-profile" "/tmp/rust_mozprofileI7D4VD"
*** You are running in headless mode.
console.warn: SearchSettings: "get: No settings file exists, new profile?" (new Error("", "(unknown module)"))
console.warn: SearchSettings: "get: No settings file exists, new profile?" (new Error("", "(unknown module)"))
1614810324490	Marionette	INFO	Listening on port 37079
1614810324590	Marionette	WARN	TLS certificate errors will be ignored for this session
1614810324598	Marionette	ERROR	[15] No reply from Marionette:Register
JavaScript warning: https://www.googletagmanager.com/gtm.js?id=GTM-58DFX4Z line 3 > eval, line 1: WebGL warning: <Create>: Can't use WebGL in headless mode (https://bugzil.la/1375585).
JavaScript warning: https://www.googletagmanager.com/gtm.js?id=GTM-58DFX4Z line 3 > eval, line 1: Failed to create WebGL context: WebGL creation failed: 
* Can't use WebGL in headless mode (https://bugzil.la/1375585).
JavaScript warning: https://www.googletagmanager.com/gtm.js?id=GTM-58DFX4Z line 3 > eval, line 1: WebGL warning: <Create>: Can't use WebGL in headless mode (https://bugzil.la/1375585).
JavaScript warning: https://www.googletagmanager.com/gtm.js?id=GTM-58DFX4Z line 3 > eval, line 1: Failed to create WebGL context: WebGL creation failed: 
* Can't use WebGL in headless mode (https://bugzil.la/1375585).

(firefox:23194): GLib-GObject-CRITICAL **: 14:25:31.878: g_object_get: assertion 'G_IS_OBJECT (object)' failed
1614810331899	Marionette	INFO	Stopped listening on port 37079
console.log: WebExtensions: reset-default-search: No addons in our list are installed.
console.log: WebExtensions: reset-default-search: No addons in our list are installed.
1615855331558	geckodriver	INFO	Listening on 127.0.0.1:35167
1615855332575	mozrunner::runner	INFO	Running command: "/usr/bin/firefox" "--marionette" "--headless" "-foreground" "-no-remote" "-profile" "/tmp/rust_mozprofileDNW3rx"
*** You are running in headless mode.

(/usr/lib/firefox/firefox:118369): GLib-GObject-CRITICAL **: 17:42:13.269: g_object_set: assertion 'G_IS_OBJECT (object)' failed

(/usr/lib/firefox/firefox:118391): GLib-GObject-CRITICAL **: 17:42:13.355: g_object_set: assertion 'G_IS_OBJECT (object)' failed
console.warn: SearchSettings: "get: No settings file exists, new profile?" (new Error("", "(unknown module)"))
1615855333935	Marionette	INFO	Listening on port 40359
1615855333994	Marionette	WARN	TLS certificate errors will be ignored for this session

(/usr/lib/firefox/firefox:118473): GLib-GObject-CRITICAL **: 17:42:14.235: g_object_set: assertion 'G_IS_OBJECT (object)' failed
JavaScript warning: https://www.googletagmanager.com/gtm.js?id=GTM-58DFX4Z line 3 > eval, line 1: WebGL warning: <Create>: Can't use WebGL in headless mode (https://bugzil.la/1375585).
JavaScript warning: https://www.googletagmanager.com/gtm.js?id=GTM-58DFX4Z line 3 > eval, line 1: Failed to create WebGL context: WebGL creation failed: 
* Can't use WebGL in headless mode (https://bugzil.la/1375585).
JavaScript warning: https://www.googletagmanager.com/gtm.js?id=GTM-58DFX4Z line 3 > eval, line 1: WebGL warning: <Create>: Can't use WebGL in headless mode (https://bugzil.la/1375585).
JavaScript warning: https://www.googletagmanager.com/gtm.js?id=GTM-58DFX4Z line 3 > eval, line 1: Failed to create WebGL context: WebGL creation failed: 
* Can't use WebGL in headless mode (https://bugzil.la/1375585).

(firefox:118277): GLib-GObject-CRITICAL **: 17:42:21.738: g_object_get: assertion 'G_IS_OBJECT (object)' failed
1615855341775	Marionette	INFO	Stopped listening on port 40359
1615855431197	geckodriver	INFO	Listening on 127.0.0.1:52199
1615855431202	mozrunner::runner	INFO	Running command: "/usr/bin/firefox" "--marionette" "--headless" "-foreground" "-no-remote" "-profile" "/tmp/rust_mozprofileAESjJc"
*** You are running in headless mode.

(/usr/lib/firefox/firefox:118819): GLib-GObject-CRITICAL **: 17:43:51.813: g_object_set: assertion 'G_IS_OBJECT (object)' failed

(/usr/lib/firefox/firefox:118840): GLib-GObject-CRITICAL **: 17:43:51.885: g_object_set: assertion 'G_IS_OBJECT (object)' failed
console.warn: SearchSettings: "get: No settings file exists, new profile?" (new Error("", "(unknown module)"))
1615855432444	Marionette	INFO	Listening on port 41513
1615855432539	Marionette	WARN	TLS certificate errors will be ignored for this session

(/usr/lib/firefox/firefox:118922): GLib-GObject-CRITICAL **: 17:43:52.788: g_object_set: assertion 'G_IS_OBJECT (object)' failed
JavaScript warning: https://www.googletagmanager.com/gtm.js?id=GTM-58DFX4Z line 3 > eval, line 1: WebGL warning: <Create>: Can't use WebGL in headless mode (https://bugzil.la/1375585).
JavaScript warning: https://www.googletagmanager.com/gtm.js?id=GTM-58DFX4Z line 3 > eval, line 1: Failed to create WebGL context: WebGL creation failed: 
* Can't use WebGL in headless mode (https://bugzil.la/1375585).
JavaScript warning: https://www.googletagmanager.com/gtm.js?id=GTM-58DFX4Z line 3 > eval, line 1: WebGL warning: <Create>: Can't use WebGL in headless mode (https://bugzil.la/1375585).
JavaScript warning: https://www.googletagmanager.com/gtm.js?id=GTM-58DFX4Z line 3 > eval, line 1: Failed to create WebGL context: WebGL creation failed: 
* Can't use WebGL in headless mode (https://bugzil.la/1375585).

(firefox:118765): GLib-GObject-CRITICAL **: 17:44:00.413: g_object_get: assertion 'G_IS_OBJECT (object)' failed
1615855440480	Marionette	INFO	Stopped listening on port 41513
1615855510464	geckodriver	INFO	Listening on 127.0.0.1:34165
1615855510468	mozrunner::runner	INFO	Running command: "/usr/bin/firefox" "--marionette" "--headless" "-foreground" "-no-remote" "-profile" "/tmp/rust_mozprofilecl057v"
*** You are running in headless mode.

(/usr/lib/firefox/firefox:119273): GLib-GObject-CRITICAL **: 17:45:11.072: g_object_set: assertion 'G_IS_OBJECT (object)' failed

(/usr/lib/firefox/firefox:119294): GLib-GObject-CRITICAL **: 17:45:11.145: g_object_set: assertion 'G_IS_OBJECT (object)' failed
console.warn: SearchSettings: "get: No settings file exists, new profile?" (new Error("", "(unknown module)"))
1615855511666	Marionette	INFO	Listening on port 45555
1615855511699	Marionette	WARN	TLS certificate errors will be ignored for this session

(/usr/lib/firefox/firefox:119375): GLib-GObject-CRITICAL **: 17:45:12.051: g_object_set: assertion 'G_IS_OBJECT (object)' failed
console.error: Region.jsm: "Error fetching region" (new Error("TIMEOUT", "resource://gre/modules/Region.jsm", 775))
console.error: Region.jsm: "Failed to fetch region" (new Error("TIMEOUT", "resource://gre/modules/Region.jsm", 422))
JavaScript warning: https://www.googletagmanager.com/gtm.js?id=GTM-58DFX4Z line 3 > eval, line 1: WebGL warning: <Create>: Can't use WebGL in headless mode (https://bugzil.la/1375585).
JavaScript warning: https://www.googletagmanager.com/gtm.js?id=GTM-58DFX4Z line 3 > eval, line 1: Failed to create WebGL context: WebGL creation failed: 
* Can't use WebGL in headless mode (https://bugzil.la/1375585).
JavaScript warning: https://www.googletagmanager.com/gtm.js?id=GTM-58DFX4Z line 3 > eval, line 1: WebGL warning: <Create>: Can't use WebGL in headless mode (https://bugzil.la/1375585).
JavaScript warning: https://www.googletagmanager.com/gtm.js?id=GTM-58DFX4Z line 3 > eval, line 1: Failed to create WebGL context: WebGL creation failed: 
* Can't use WebGL in headless mode (https://bugzil.la/1375585).

(firefox:119219): GLib-GObject-CRITICAL **: 17:45:28.093: g_object_get: assertion 'G_IS_OBJECT (object)' failed
1615855528147	Marionette	INFO	Stopped listening on port 45555
1615855579971	geckodriver	INFO	Listening on 127.0.0.1:49609
1615855579976	mozrunner::runner	INFO	Running command: "/usr/bin/firefox" "--marionette" "--headless" "-foreground" "-no-remote" "-profile" "/tmp/rust_mozprofileoqEjWW"
*** You are running in headless mode.

(/usr/lib/firefox/firefox:119710): GLib-GObject-CRITICAL **: 17:46:20.595: g_object_set: assertion 'G_IS_OBJECT (object)' failed

(/usr/lib/firefox/firefox:119731): GLib-GObject-CRITICAL **: 17:46:20.670: g_object_set: assertion 'G_IS_OBJECT (object)' failed
console.warn: SearchSettings: "get: No settings file exists, new profile?" (new Error("", "(unknown module)"))
1615855581373	Marionette	INFO	Listening on port 38439
1615855581396	Marionette	WARN	TLS certificate errors will be ignored for this session

(/usr/lib/firefox/firefox:119811): GLib-GObject-CRITICAL **: 17:46:21.583: g_object_set: assertion 'G_IS_OBJECT (object)' failed
JavaScript warning: https://www.googletagmanager.com/gtm.js?id=GTM-58DFX4Z line 3 > eval, line 1: WebGL warning: <Create>: Can't use WebGL in headless mode (https://bugzil.la/1375585).
JavaScript warning: https://www.googletagmanager.com/gtm.js?id=GTM-58DFX4Z line 3 > eval, line 1: Failed to create WebGL context: WebGL creation failed: 
* Can't use WebGL in headless mode (https://bugzil.la/1375585).
JavaScript warning: https://www.googletagmanager.com/gtm.js?id=GTM-58DFX4Z line 3 > eval, line 1: WebGL warning: <Create>: Can't use WebGL in headless mode (https://bugzil.la/1375585).
JavaScript warning: https://www.googletagmanager.com/gtm.js?id=GTM-58DFX4Z line 3 > eval, line 1: Failed to create WebGL context: WebGL creation failed: 
* Can't use WebGL in headless mode (https://bugzil.la/1375585).
1615855587768	Marionette	WARN	TimedPromise timed out after 500 ms: stacktrace:
TimedPromise/<@chrome://marionette/content/sync.js:231:19
TimedPromise@chrome://marionette/content/sync.js:216:10
interaction.flushEventLoop@chrome://marionette/content/interaction.js:433:10
webdriverClickElement@chrome://marionette/content/interaction.js:179:31

(firefox:119657): GLib-GObject-CRITICAL **: 17:46:27.895: g_object_get: assertion 'G_IS_OBJECT (object)' failed
1615855587972	Marionette	INFO	Stopped listening on port 38439
JavaScript error: chrome://global/content/elements/browser-custom-element.js, line 1681: NotFoundError: No such JSWindowActor 'MarionetteEvents'
JavaScript warning: https://www.googletagmanager.com/gtm.js?id=GTM-58DFX4Z line 3 > eval, line 1: WebGL warning: <Create>: Can't use WebGL in headless mode (https://bugzil.la/1375585).
JavaScript warning: https://www.googletagmanager.com/gtm.js?id=GTM-58DFX4Z line 3 > eval, line 1: Failed to create WebGL context: WebGL creation failed: 
* Can't use WebGL in headless mode (https://bugzil.la/1375585).
JavaScript warning: https://www.googletagmanager.com/gtm.js?id=GTM-58DFX4Z line 3 > eval, line 1: WebGL warning: <Create>: Can't use WebGL in headless mode (https://bugzil.la/1375585).
JavaScript warning: https://www.googletagmanager.com/gtm.js?id=GTM-58DFX4Z line 3 > eval, line 1: Failed to create WebGL context: WebGL creation failed: 
* Can't use WebGL in headless mode (https://bugzil.la/1375585).
JavaScript warning: https://www.googletagmanager.com/gtm.js?id=GTM-58DFX4Z line 3 > eval, line 1: WebGL warning: <Create>: Can't use WebGL in headless mode (https://bugzil.la/1375585).
JavaScript warning: https://www.googletagmanager.com/gtm.js?id=GTM-58DFX4Z line 3 > eval, line 1: Failed to create WebGL context: WebGL creation failed: 
* Can't use WebGL in headless mode (https://bugzil.la/1375585).
JavaScript warning: https://www.googletagmanager.com/gtm.js?id=GTM-58DFX4Z line 3 > eval, line 1: WebGL warning: <Create>: Can't use WebGL in headless mode (https://bugzil.la/1375585).
JavaScript warning: https://www.googletagmanager.com/gtm.js?id=GTM-58DFX4Z line 3 > eval, line 1: Failed to create WebGL context: WebGL creation failed: 
* Can't use WebGL in headless mode (https://bugzil.la/1375585).
JavaScript error: https://www.googletagmanager.com/gtm.js?id=GTM-58DFX4Z, line 7354: uncaught exception: [object Object]

###!!! [Parent][RunMessage] Error: Channel closing: too late to send/recv, messages will be lost

1615855737876	geckodriver	INFO	Listening on 127.0.0.1:34751
1615855737880	mozrunner::runner	INFO	Running command: "/usr/bin/firefox" "--marionette" "--headless" "-foreground" "-no-remote" "-profile" "/tmp/rust_mozprofileudl0R5"
*** You are running in headless mode.

(/usr/lib/firefox/firefox:120273): GLib-GObject-CRITICAL **: 17:48:58.556: g_object_set: assertion 'G_IS_OBJECT (object)' failed

(/usr/lib/firefox/firefox:120294): GLib-GObject-CRITICAL **: 17:48:58.636: g_object_set: assertion 'G_IS_OBJECT (object)' failed
console.warn: SearchSettings: "get: No settings file exists, new profile?" (new Error("", "(unknown module)"))
1615855739340	Marionette	INFO	Listening on port 41825
1615855739401	Marionette	WARN	TLS certificate errors will be ignored for this session

(/usr/lib/firefox/firefox:120378): GLib-GObject-CRITICAL **: 17:48:59.551: g_object_set: assertion 'G_IS_OBJECT (object)' failed
JavaScript warning: https://www.googletagmanager.com/gtm.js?id=GTM-58DFX4Z line 3 > eval, line 1: WebGL warning: <Create>: Can't use WebGL in headless mode (https://bugzil.la/1375585).
JavaScript warning: https://www.googletagmanager.com/gtm.js?id=GTM-58DFX4Z line 3 > eval, line 1: Failed to create WebGL context: WebGL creation failed: 
* Can't use WebGL in headless mode (https://bugzil.la/1375585).
JavaScript warning: https://www.googletagmanager.com/gtm.js?id=GTM-58DFX4Z line 3 > eval, line 1: WebGL warning: <Create>: Can't use WebGL in headless mode (https://bugzil.la/1375585).
JavaScript warning: https://www.googletagmanager.com/gtm.js?id=GTM-58DFX4Z line 3 > eval, line 1: Failed to create WebGL context: WebGL creation failed: 
* Can't use WebGL in headless mode (https://bugzil.la/1375585).
1615855745973	Marionette	WARN	TimedPromise timed out after 500 ms: stacktrace:
TimedPromise/<@chrome://marionette/content/sync.js:231:19
TimedPromise@chrome://marionette/content/sync.js:216:10
interaction.flushEventLoop@chrome://marionette/content/interaction.js:433:10
webdriverClickElement@chrome://marionette/content/interaction.js:179:31

(firefox:120216): GLib-GObject-CRITICAL **: 17:49:06.103: g_object_get: assertion 'G_IS_OBJECT (object)' failed
1615855746176	Marionette	INFO	Stopped listening on port 41825
JavaScript error: chrome://global/content/elements/browser-custom-element.js, line 1681: NotFoundError: No such JSWindowActor 'MarionetteEvents'
JavaScript error: https://www.googletagmanager.com/gtm.js?id=GTM-58DFX4Z, line 7354: uncaught exception: [object Object]
JavaScript warning: https://www.googletagmanager.com/gtm.js?id=GTM-58DFX4Z line 3 > eval, line 1: WebGL warning: <Create>: Can't use WebGL in headless mode (https://bugzil.la/1375585).
JavaScript warning: https://www.googletagmanager.com/gtm.js?id=GTM-58DFX4Z line 3 > eval, line 1: Failed to create WebGL context: WebGL creation failed: 
* Can't use WebGL in headless mode (https://bugzil.la/1375585).
JavaScript warning: https://www.googletagmanager.com/gtm.js?id=GTM-58DFX4Z line 3 > eval, line 1: WebGL warning: <Create>: Can't use WebGL in headless mode (https://bugzil.la/1375585).
JavaScript warning: https://www.googletagmanager.com/gtm.js?id=GTM-58DFX4Z line 3 > eval, line 1: Failed to create WebGL context: WebGL creation failed: 
* Can't use WebGL in headless mode (https://bugzil.la/1375585).
JavaScript warning: https://www.googletagmanager.com/gtm.js?id=GTM-58DFX4Z line 3 > eval, line 1: WebGL warning: <Create>: Can't use WebGL in headless mode (https://bugzil.la/1375585).
JavaScript warning: https://www.googletagmanager.com/gtm.js?id=GTM-58DFX4Z line 3 > eval, line 1: Failed to create WebGL context: WebGL creation failed: 
* Can't use WebGL in headless mode (https://bugzil.la/1375585).
JavaScript warning: https://www.googletagmanager.com/gtm.js?id=GTM-58DFX4Z line 3 > eval, line 1: WebGL warning: <Create>: Can't use WebGL in headless mode (https://bugzil.la/1375585).
JavaScript warning: https://www.googletagmanager.com/gtm.js?id=GTM-58DFX4Z line 3 > eval, line 1: Failed to create WebGL context: WebGL creation failed: 
* Can't use WebGL in headless mode (https://bugzil.la/1375585).

###!!! [Parent][RunMessage] Error: Channel closing: too late to send/recv, messages will be lost

1615890870564	geckodriver	INFO	Listening on 127.0.0.1:37737
1615890871573	mozrunner::runner	INFO	Running command: "/usr/bin/firefox" "--marionette" "--headless" "-foreground" "-no-remote" "-profile" "/tmp/rust_mozprofileypYxtn"
*** You are running in headless mode.

(/usr/lib/firefox/firefox:17649): GLib-GObject-CRITICAL **: 03:34:32.312: g_object_set: assertion 'G_IS_OBJECT (object)' failed

(/usr/lib/firefox/firefox:17670): GLib-GObject-CRITICAL **: 03:34:32.390: g_object_set: assertion 'G_IS_OBJECT (object)' failed
console.warn: SearchSettings: "get: No settings file exists, new profile?" (new Error("", "(unknown module)"))
1615890873049	Marionette	INFO	Listening on port 34185
1615890873094	Marionette	WARN	TLS certificate errors will be ignored for this session

(/usr/lib/firefox/firefox:17752): GLib-GObject-CRITICAL **: 03:34:33.287: g_object_set: assertion 'G_IS_OBJECT (object)' failed
JavaScript warning: https://www.googletagmanager.com/gtm.js?id=GTM-58DFX4Z line 3 > eval, line 1: WebGL warning: <Create>: Can't use WebGL in headless mode (https://bugzil.la/1375585).
JavaScript warning: https://www.googletagmanager.com/gtm.js?id=GTM-58DFX4Z line 3 > eval, line 1: Failed to create WebGL context: WebGL creation failed: 
* Can't use WebGL in headless mode (https://bugzil.la/1375585).
JavaScript warning: https://www.googletagmanager.com/gtm.js?id=GTM-58DFX4Z line 3 > eval, line 1: WebGL warning: <Create>: Can't use WebGL in headless mode (https://bugzil.la/1375585).
JavaScript warning: https://www.googletagmanager.com/gtm.js?id=GTM-58DFX4Z line 3 > eval, line 1: Failed to create WebGL context: WebGL creation failed: 
* Can't use WebGL in headless mode (https://bugzil.la/1375585).
1615890881110	Marionette	WARN	TimedPromise timed out after 500 ms: stacktrace:
TimedPromise/<@chrome://marionette/content/sync.js:231:19
TimedPromise@chrome://marionette/content/sync.js:216:10
interaction.flushEventLoop@chrome://marionette/content/interaction.js:433:10
webdriverClickElement@chrome://marionette/content/interaction.js:179:31

(firefox:17561): GLib-GObject-CRITICAL **: 03:34:41.353: g_object_get: assertion 'G_IS_OBJECT (object)' failed
1615890881370	Marionette	INFO	Stopped listening on port 34185
JavaScript error: resource://activity-stream/lib/ASRouter.jsm, line 988: NS_ERROR_ILLEGAL_VALUE: Component returned failure code: 0x80070057 (NS_ERROR_ILLEGAL_VALUE) [nsIObserverService.removeObserver]
